





{
    "Nombre": "asd",
    "Email": "asd",
    "Mensaje": ""
}
{
    "Nombre": "asd",
    "Email": "asd",
    "Mensaje": ""
}




{
    "postman": "TEst"
}
{
    "postman": "TEst"
}
{
    "postman": "TEst"
}

{"action":"payment.updated","api_version":"v1","data":{"id":"123456"},"date_created":"2021-11-01T02:02:02Z","id":"123456","live_mode":false,"type":"payment","user_id":567523522}
{"action":"payment.updated","api_version":"v1","data":{"id":"123456"},"date_created":"2021-11-01T02:02:02Z","id":"123456","live_mode":false,"type":"payment","user_id":567523522}
{"action":"payment.updated","api_version":"v1","data":{"id":"123456"},"date_created":"2021-11-01T02:02:02Z","id":"123456","live_mode":false,"type":"payment","user_id":2169380250}
{"action":"payment.created","api_version":"v1","data":{"id":"96958656646"},"date_created":"2024-12-20T15:06:17Z","id":117885142869,"live_mode":true,"type":"payment","user_id":"2169380250"}
{"action":"payment.created","api_version":"v1","data":{"id":"96608345257"},"date_created":"2024-12-20T15:06:26Z","id":117939283862,"live_mode":true,"type":"payment","user_id":"2169380250"}

Array
(
    [User-Agent] => PostmanRuntime/7.43.0
    [Accept] => */*
    [Postman-Token] => 60b20486-20fb-4aa4-a974-6940dc8b4d39
    [Host] => 181.45.48.48
    [Accept-Encoding] => gzip, deflate, br
    [Connection] => keep-alive
)

NO VALIDO

Array
(
    [User-Agent] => PostmanRuntime/7.43.0
    [Accept] => */*
    [Postman-Token] => 0e3280df-32c4-471a-bde7-c992b830fc35
    [Host] => 181.45.48.48
    [Accept-Encoding] => gzip, deflate, br
    [Connection] => keep-alive
)

NO VALIDO
{
    test
}
Array
(
    [Content-Type] => application/json
    [User-Agent] => PostmanRuntime/7.43.0
    [Accept] => */*
    [Postman-Token] => 2e2b1a48-8de7-4c5f-9c77-5ef5130e289c
    [Host] => 181.45.48.48
    [Accept-Encoding] => gzip, deflate, br
    [Connection] => keep-alive
    [Content-Length] => 14
)

NO VALIDO
{
    "tes": "asd"
}
Array
(
    [Content-Type] => application/json
    [User-Agent] => PostmanRuntime/7.43.0
    [Accept] => */*
    [Postman-Token] => dddbf36b-9052-4c6d-8cbe-cd796ce7f433
    [Host] => 181.45.48.48
    [Accept-Encoding] => gzip, deflate, br
    [Connection] => keep-alive
    [Content-Length] => 22
)

NO VALIDO
